<?xml version="1.0" encoding="UTF-8"?>
<!-- Generated by org.testng.reporters.JUnitReportReporter -->
<testsuite hostname="Pixel" failures="0" tests="5" name="com.runnerClass.RunnerClass" time="23.630" errors="0" timestamp="2025-02-20T15:32:30 CET" skipped="0">
  <testcase classname="com.runnerClass.RunnerClass" name="tc2" time="4.872"/>
  <system-out/>
  <testcase classname="com.runnerClass.RunnerClass" name="tc5" time="2.472"/>
  <system-out/>
  <testcase classname="com.runnerClass.RunnerClass" name="tc1" time="8.212"/>
  <system-out/>
  <testcase classname="com.runnerClass.RunnerClass" name="tc3" time="1.586"/>
  <system-out/>
  <testcase classname="com.runnerClass.RunnerClass" name="tc4" time="6.488"/>
  <system-out/>
</testsuite> <!-- com.runnerClass.RunnerClass -->
