<?xml version="1.0" encoding="UTF-8"?>
<!-- Generated by org.testng.reporters.JUnitReportReporter -->
<testsuite hostname="Pixel" failures="0" tests="1" name="com.runnerclass.Demo" time="5.322" errors="0" timestamp="2025-02-21T18:46:06 CET" skipped="0">
  <testcase classname="com.runnerclass.Demo" name="tc1" time="5.322"/>
  <system-out/>
</testsuite> <!-- com.runnerclass.Demo -->
