<?xml version="1.0" encoding="UTF-8"?>
<!-- Generated by org.testng.reporters.JUnitReportReporter -->
<testsuite hostname="Pixel" failures="0" tests="4" name="com.runnerclass.GearRunnerClass" time="21.388" errors="0" timestamp="2025-02-21T20:50:40 CET" skipped="0">
  <testcase classname="com.runnerclass.GearRunnerClass" name="loginPage" time="4.458"/>
  <system-out/>
  <testcase classname="com.runnerclass.GearRunnerClass" name="searchProductPage" time="8.865"/>
  <system-out/>
  <testcase classname="com.runnerclass.GearRunnerClass" name="shippinPage" time="3.388"/>
  <system-out/>
  <testcase classname="com.runnerclass.GearRunnerClass" name="checkoutPage" time="4.677"/>
  <system-out/>
</testsuite> <!-- com.runnerclass.GearRunnerClass -->
